SF:lib\features\habit_tracker\domain\entities\habit_entity.dart
DA:17,2
DA:30,0
DA:33,1
DA:34,2
DA:35,0
DA:41,1
DA:42,2
DA:46,0
DA:48,0
DA:54,1
DA:56,1
DA:59,2
DA:60,1
DA:61,1
DA:62,0
DA:66,2
DA:72,1
DA:77,1
DA:78,9
LF:19
LH:14
end_of_record
SF:lib\features\habit_tracker\presentation\state_management\habit_provider.dart
DA:13,0
DA:17,1
DA:27,1
DA:38,3
DA:41,1
DA:42,2
DA:43,1
DA:47,1
DA:48,2
DA:49,1
DA:52,0
DA:53,0
DA:54,0
DA:57,1
DA:58,2
DA:59,1
DA:62,0
DA:63,0
DA:65,0
DA:69,0
DA:73,1
DA:74,2
DA:75,2
DA:77,1
DA:78,1
DA:79,1
DA:80,1
DA:81,1
DA:82,1
DA:83,1
DA:84,1
DA:86,1
DA:88,2
DA:91,2
DA:95,1
DA:97,3
DA:98,3
DA:101,3
DA:104,0
DA:105,0
DA:108,0
DA:109,0
DA:113,0
DA:114,0
DA:117,0
DA:120,0
DA:121,0
DA:122,0
DA:126,1
DA:128,2
DA:133,2
DA:134,1
DA:137,0
DA:140,0
DA:141,0
DA:142,0
DA:145,0
DA:146,0
DA:148,0
DA:153,2
LF:60
LH:35
end_of_record
SF:lib\features\habit_tracker\data\models\habit_model.g.dart
DA:13,0
DA:15,0
DA:16,0
DA:17,0
DA:19,0
DA:20,0
DA:21,0
DA:22,0
DA:23,0
DA:24,0
DA:25,0
DA:26,0
DA:30,0
DA:33,0
DA:34,0
DA:35,0
DA:36,0
DA:37,0
DA:38,0
DA:39,0
DA:40,0
DA:41,0
DA:42,0
DA:43,0
DA:44,0
DA:45,0
DA:46,0
DA:47,0
DA:50,0
DA:51,0
DA:53,0
DA:56,0
DA:57,0
DA:58,0
LF:34
LH:0
end_of_record
SF:lib\features\habit_tracker\data\models\habit_model.dart
DA:23,0
DA:31,0
DA:37,0
DA:38,0
DA:44,0
DA:45,0
DA:46,0
DA:47,0
DA:48,0
DA:49,0
DA:50,0
DA:51,0
DA:52,0
LF:13
LH:0
end_of_record
SF:lib\features\habit_tracker\domain\usecases\get_habits_for_date.dart
DA:7,0
DA:12,0
DA:13,0
DA:17,0
LF:4
LH:0
end_of_record
SF:lib\features\habit_tracker\domain\usecases\toggle_habit_completion.dart
DA:7,0
DA:9,0
DA:11,0
DA:12,0
DA:15,0
DA:19,0
DA:20,0
DA:23,0
DA:27,0
DA:28,0
DA:29,0
DA:30,0
DA:31,0
DA:33,0
DA:34,0
DA:38,0
LF:16
LH:0
end_of_record
SF:lib\features\habit_tracker\domain\usecases\create_habit.dart
DA:7,0
DA:10,0
DA:11,0
LF:3
LH:0
end_of_record
SF:lib\features\habit_tracker\domain\usecases\delete_habit.dart
DA:7,0
DA:10,0
DA:11,0
LF:3
LH:0
end_of_record
SF:lib\features\habit_tracker\domain\usecases\update_habit.dart
DA:7,0
DA:10,0
DA:11,0
LF:3
LH:0
end_of_record
SF:lib\features\habit_tracker\presentation\widgets\habit_tile.dart
DA:13,1
DA:23,1
DA:26,2
DA:27,2
DA:28,3
DA:30,3
DA:32,1
DA:34,1
DA:35,1
DA:36,1
DA:37,1
DA:40,1
DA:41,1
DA:47,1
DA:49,1
DA:50,1
DA:51,1
DA:52,1
DA:54,1
DA:55,1
DA:57,1
DA:62,1
DA:63,1
DA:65,1
DA:67,1
DA:68,2
DA:71,2
DA:74,1
DA:76,1
DA:77,2
DA:78,1
DA:85,3
DA:86,1
DA:87,1
DA:88,1
DA:91,1
DA:92,3
DA:93,2
DA:102,1
DA:105,2
DA:107,2
DA:115,1
DA:116,1
DA:117,2
DA:123,1
DA:132,1
DA:133,1
DA:136,1
DA:138,1
DA:139,1
DA:141,1
DA:142,3
DA:149,1
DA:150,1
DA:155,1
DA:156,1
DA:158,1
DA:160,2
DA:164,1
DA:170,1
DA:171,1
DA:172,3
DA:173,2
DA:174,1
DA:176,1
DA:177,3
DA:178,3
DA:180,2
DA:181,1
DA:183,1
DA:184,1
DA:185,2
DA:187,3
DA:192,1
DA:194,1
DA:195,1
LF:76
LH:76
end_of_record
SF:lib\core\theme\app_colors.dart
DA:19,0
DA:20,0
DA:22,0
DA:23,0
LF:4
LH:0
end_of_record
